<?xml version="1.0" encoding="UTF-8"?>
<!-- Generated by org.testng.reporters.JUnitReportReporter -->
<testsuite hostname="Desktop-Monitor-2nd-Floor-Room3" failures="0" tests="1" name="com.submitoproffer.testscript.CustomerModule" time="4.043" errors="0" timestamp="2024-06-07T19:56:22 IST" skipped="0">
  <testcase classname="com.submitoproffer.testscript.CustomerModule" name="demo" time="4.043"/>
  <system-out>
    <![CDATA[CustomerModule]]>
  </system-out>
</testsuite> <!-- com.submitoproffer.testscript.CustomerModule -->
